023-08-16 03:09:36 INFO  Practice_Framework:12 - url is opened
  2023-08-16 03:09:36 INFO  Practice_Framework:15 - Enter username
  2023-08-16 03:09:36 INFO  Practice_Framework:17 - Enter password
  2023-08-16 03:09:37 INFO  Practice_Framework:23 - Login test passed
  2023-08-17 00:20:56 INFO  Practice_Framework:12 - url is opened
  2023-08-17 00:20:56 INFO  Practice_Framework:15 - Enter username
  2023-08-17 00:20:56 INFO  Practice_Framework:17 - Enter password
  2023-08-17 00:20:57 INFO  Practice_Framework:23 - Login test passed
  2023-08-17 00:37:19 INFO  Practice_Framework:12 - url is opened
  2023-08-17 00:37:19 INFO  Practice_Framework:15 - Enter username
  2023-08-17 00:37:19 INFO  Practice_Framework:17 - Enter password
  2023-08-17 00:37:20 INFO  Practice_Framework:23 - Login test passed
  2023-08-17 01:45:12 INFO  Practice_Framework:12 - url is opened
  2023-08-17 01:45:13 INFO  Practice_Framework:15 - Enter username
  2023-08-17 01:45:13 INFO  Practice_Framework:17 - Enter password
  2023-08-17 01:45:13 INFO  Practice_Framework:23 - Login test passed
  2023-08-17 01:46:21 INFO  Practice_Framework:12 - url is opened
  2023-08-17 01:46:21 INFO  Practice_Framework:15 - Enter username
  2023-08-17 01:46:21 INFO  Practice_Framework:17 - Enter password
  2023-08-17 01:46:22 INFO  Practice_Framework:23 - Login test passed
  2023-08-17 02:14:01 INFO  Practice_Framework:12 - url is opened
  2023-08-17 02:14:01 INFO  Practice_Framework:15 - Enter username
  2023-08-17 02:14:01 INFO  Practice_Framework:17 - Enter password
  2023-08-17 02:14:02 INFO  Practice_Framework:23 - Login test passed
  2023-08-17 04:56:46 INFO  Practice_Framework:12 - url is opened
  2023-08-17 04:56:46 INFO  Practice_Framework:17 - Enter username
  2023-08-17 04:56:46 INFO  Practice_Framework:20 - Enter password
  2023-08-17 04:56:47 INFO  Practice_Framework:27 - Login test passed
  2023-08-17 05:01:55 INFO  Practice_Framework:12 - url is opened
  2023-08-17 05:01:55 INFO  Practice_Framework:17 - Enter username
  2023-08-17 05:01:55 INFO  Practice_Framework:20 - Enter password
  2023-08-17 05:01:56 INFO  Practice_Framework:27 - Login test passed
  2023-08-17 05:03:26 INFO  Practice_Framework:12 - url is opened
  2023-08-17 05:03:26 INFO  Practice_Framework:17 - Enter username
  2023-08-17 05:03:27 INFO  Practice_Framework:20 - Enter password
  2023-08-17 05:03:27 INFO  Practice_Framework:27 - Login test passed
  2023-08-17 21:30:56 INFO  Practice_Framework:17 - url is opened
  2023-08-17 21:30:56 INFO  Practice_Framework:25 - Enter username
  2023-08-17 21:30:56 INFO  Practice_Framework:28 - Enter password
  2023-08-17 21:30:57 INFO  Practice_Framework:35 - Login test passed
  2023-08-17 21:33:02 INFO  Practice_Framework:17 - url is opened
  2023-08-17 21:33:02 INFO  Practice_Framework:25 - Enter username
  2023-08-17 21:33:02 INFO  Practice_Framework:28 - Enter password
  2023-08-17 21:33:03 INFO  Practice_Framework:35 - Login test passed
  2023-08-18 01:16:45 INFO  Practice_Framework:17 - url is opened
  2023-08-18 01:16:46 INFO  Practice_Framework:24 - Enter username
  2023-08-18 01:16:46 INFO  Practice_Framework:27 - Enter password
  2023-08-18 01:16:47 INFO  Practice_Framework:34 - Login test passed
  2023-08-18 01:21:35 INFO  Practice_Framework:17 - url is opened
  2023-08-18 01:21:35 INFO  Practice_Framework:24 - Enter username
  2023-08-18 01:21:35 INFO  Practice_Framework:27 - Enter password
  2023-08-18 01:21:36 INFO  Practice_Framework:34 - Login test passed
  2023-08-18 01:24:39 INFO  Practice_Framework:17 - url is opened
  2023-08-18 01:24:39 INFO  Practice_Framework:24 - Enter username
  2023-08-18 01:24:39 INFO  Practice_Framework:27 - Enter password
  2023-08-18 01:24:41 INFO  Practice_Framework:34 - Login test passed
  2023-08-18 01:27:01 INFO  Practice_Framework:17 - url is opened
  2023-08-18 01:40:07 INFO  Practice_Framework:17 - url is opened
  2023-08-18 01:40:07 INFO  Practice_Framework:24 - Enter username
  2023-08-18 01:40:07 INFO  Practice_Framework:27 - Enter password
  2023-08-18 01:40:08 INFO  Practice_Framework:34 - Login test passed
  2023-08-18 02:05:51 INFO  Practice_Framework:17 - url is opened
  2023-08-18 02:05:51 INFO  Practice_Framework:24 - Enter username
  2023-08-18 02:05:51 INFO  Practice_Framework:27 - Enter password
  2023-08-18 02:05:53 INFO  Practice_Framework:34 - Login test passed
  2023-08-18 02:07:56 INFO  Practice_Framework:17 - url is opened
  2023-08-18 02:07:56 INFO  Practice_Framework:24 - Enter username
  2023-08-18 02:07:57 INFO  Practice_Framework:27 - Enter password
  2023-08-18 04:43:12 INFO  Practice_Framework:20 - user name provided
  2023-08-18 04:43:12 INFO  Practice_Framework:23 - password provided
  2023-08-18 04:43:13 INFO  Practice_Framework:37 - login passed 
  2023-08-18 04:43:14 INFO  Practice_Framework:20 - user name provided
  2023-08-18 04:43:14 INFO  Practice_Framework:23 - password provided
  2023-08-18 04:43:14 INFO  Practice_Framework:20 - user name provided
  2023-08-18 04:43:15 INFO  Practice_Framework:23 - password provided
  2023-08-18 04:43:16 INFO  Practice_Framework:20 - user name provided
  2023-08-18 04:43:16 INFO  Practice_Framework:23 - password provided
  2023-08-18 04:43:17 INFO  Practice_Framework:20 - user name provided
  2023-08-18 04:43:17 INFO  Practice_Framework:23 - password provided
  2023-08-18 04:43:17 INFO  Practice_Framework:37 - login passed 
  2023-08-18 04:47:02 INFO  Practice_Framework:19 - user name provided
  2023-08-18 04:47:02 INFO  Practice_Framework:22 - password provided
  2023-08-18 04:47:08 INFO  Practice_Framework:37 - login passed 
  2023-08-18 04:47:09 INFO  Practice_Framework:19 - user name provided
  2023-08-18 04:47:09 INFO  Practice_Framework:22 - password provided
  2023-08-18 04:47:14 INFO  Practice_Framework:19 - user name provided
  2023-08-18 04:47:15 INFO  Practice_Framework:22 - password provided
  2023-08-18 04:47:20 INFO  Practice_Framework:19 - user name provided
  2023-08-18 04:47:20 INFO  Practice_Framework:22 - password provided
  2023-08-18 04:47:25 INFO  Practice_Framework:19 - user name provided
  2023-08-18 04:47:25 INFO  Practice_Framework:22 - password provided
  2023-08-18 04:47:31 INFO  Practice_Framework:37 - login passed 
  2023-08-20 03:32:17 INFO  Practice_Framework:23 - user name provideed
  2023-08-20 03:32:17 INFO  Practice_Framework:25 - password provided
  2023-08-20 03:32:21 INFO  Practice_Framework:32 - provide user details
  2023-08-20 03:32:41 INFO  Practice_Framework:35 - username provided
  2023-08-20 03:32:48 INFO  Practice_Framework:55 - my validation is started
  2023-08-20 03:36:31 INFO  Practice_Framework:23 - user name provideed
  2023-08-20 03:36:31 INFO  Practice_Framework:25 - password provided
  2023-08-20 03:36:35 INFO  Practice_Framework:32 - provide user details
  2023-08-20 03:36:47 INFO  Practice_Framework:35 - username provided
  2023-08-20 03:36:55 INFO  Practice_Framework:55 - my validation is started
  2023-08-20 03:42:15 INFO  Practice_Framework:23 - user name provideed
  2023-08-20 03:42:15 INFO  Practice_Framework:25 - password provided
  2023-08-20 03:42:19 INFO  Practice_Framework:32 - provide user details
  2023-08-20 03:42:30 INFO  Practice_Framework:35 - username provided
  2023-08-20 03:42:40 INFO  Practice_Framework:55 - my validation is started
  2023-08-20 03:45:24 INFO  Practice_Framework:23 - user name provideed
  2023-08-20 03:45:24 INFO  Practice_Framework:25 - password provided
  2023-08-20 03:45:28 INFO  Practice_Framework:32 - provide user details
  2023-08-20 03:45:31 INFO  Practice_Framework:35 - username provided
  2023-08-20 03:45:39 INFO  Practice_Framework:55 - my validation is started
  2023-08-20 03:59:59 INFO  Practice_Framework:23 - user name provideed
  2023-08-20 03:59:59 INFO  Practice_Framework:25 - password provided
  2023-08-20 04:00:08 INFO  Practice_Framework:32 - provide user details
  2023-08-20 04:00:11 INFO  Practice_Framework:35 - username provided
  2023-08-20 04:00:18 INFO  Practice_Framework:55 - my validation is started
  2023-08-20 04:02:53 INFO  Practice_Framework:23 - user name provideed
  2023-08-20 04:02:53 INFO  Practice_Framework:25 - password provided
  2023-08-20 04:02:57 INFO  Practice_Framework:32 - provide user details
  2023-08-20 04:02:59 INFO  Practice_Framework:35 - username provided
  2023-08-20 04:03:06 INFO  Practice_Framework:55 - my validation is started
  2023-08-20 05:13:15 INFO  Practice_Framework:23 - user name provideed
  2023-08-20 05:13:15 INFO  Practice_Framework:25 - password provided
  2023-08-20 05:13:20 INFO  Practice_Framework:32 - provide user details
  2023-08-20 05:13:22 INFO  Practice_Framework:35 - username provided
  2023-08-20 05:13:29 INFO  Practice_Framework:55 - my validation is started
  2023-08-20 05:14:55 INFO  Practice_Framework:23 - user name provideed
  2023-08-20 05:14:55 INFO  Practice_Framework:25 - password provided
  2023-08-20 05:14:59 INFO  Practice_Framework:32 - provide user details
  2023-08-20 05:15:02 INFO  Practice_Framework:35 - username provided
  2023-08-20 05:15:10 INFO  Practice_Framework:55 - my validation is started
  2023-08-20 05:15:52 INFO  Practice_Framework:23 - user name provideed
  2023-08-20 05:15:52 INFO  Practice_Framework:25 - password provided
  2023-08-20 05:15:56 INFO  Practice_Framework:32 - provide user details
  2023-08-20 05:16:01 INFO  Practice_Framework:35 - username provided
  2023-08-20 05:16:08 INFO  Practice_Framework:55 - my validation is started
  2023-08-20 05:19:31 INFO  Practice_Framework:23 - user name provideed
  2023-08-20 05:19:31 INFO  Practice_Framework:25 - password provided
  2023-08-20 05:19:35 INFO  Practice_Framework:32 - provide user details
  2023-08-20 05:19:41 INFO  Practice_Framework:35 - username provided
  2023-08-20 05:19:49 INFO  Practice_Framework:55 - my validation is started
  2023-08-20 05:23:31 INFO  Practice_Framework:23 - user name provideed
  2023-08-20 05:23:31 INFO  Practice_Framework:25 - password provided
  2023-08-20 05:23:35 INFO  Practice_Framework:32 - provide user details
  2023-08-20 05:36:54 INFO  Practice_Framework:23 - user name provideed
  2023-08-20 05:36:56 INFO  Practice_Framework:25 - password provided
  2023-08-20 05:37:00 INFO  Practice_Framework:32 - provide user details
  2023-08-20 05:37:02 INFO  Practice_Framework:35 - username provided
  2023-08-20 05:37:09 INFO  Practice_Framework:55 - my validation is started
  2023-08-22 04:33:17 INFO  Practice_Framework:23 - user name provideed
  2023-08-22 04:33:17 INFO  Practice_Framework:25 - password provided
  2023-08-22 04:33:21 INFO  Practice_Framework:32 - provide user details
  2023-08-22 04:33:25 INFO  Practice_Framework:35 - username provided
  2023-08-22 04:33:32 INFO  Practice_Framework:55 - my validation is started
  2023-08-22 04:39:14 INFO  Practice_Framework:23 - user name provideed
  2023-08-22 04:39:14 INFO  Practice_Framework:25 - password provided
  2023-08-22 04:39:18 INFO  Practice_Framework:32 - provide user details
  2023-08-22 04:39:20 INFO  Practice_Framework:35 - username provided
  2023-08-22 04:39:28 INFO  Practice_Framework:55 - my validation is started
  2023-08-22 04:39:28 INFO  Practice_Framework:61 - test case passed....
  2023-08-23 14:00:23 INFO  Practice_Framework:23 - user name provideed
  2023-08-23 14:00:25 INFO  Practice_Framework:25 - password provided
  2023-08-23 14:00:32 INFO  Practice_Framework:32 - provide user details
  2023-08-23 14:00:36 INFO  Practice_Framework:35 - username provided
  2023-08-23 14:00:44 INFO  Practice_Framework:55 - my validation is started
  2023-08-23 14:00:44 INFO  Practice_Framework:61 - test case passed....
  2023-08-25 00:51:49 INFO  Practice_Framework:23 - user name provideed
  2023-08-25 00:51:50 INFO  Practice_Framework:25 - password provided
  2023-08-25 00:51:53 INFO  Practice_Framework:32 - provide user details
  2023-08-25 00:51:56 INFO  Practice_Framework:35 - username provided
  2023-08-25 00:52:04 INFO  Practice_Framework:55 - my validation is started
  2023-08-25 00:52:04 INFO  Practice_Framework:61 - test case passed....
  2023-08-25 00:57:56 INFO  Practice_Framework:23 - user name provideed
  2023-08-25 00:57:57 INFO  Practice_Framework:25 - password provided
  2023-08-25 00:58:00 INFO  Practice_Framework:32 - provide user details
  2023-08-25 00:58:20 INFO  Practice_Framework:35 - username provided
  2023-08-25 00:58:28 INFO  Practice_Framework:55 - my validation is started
  2023-08-25 00:58:28 INFO  Practice_Framework:61 - test case passed....
  2023-08-25 01:10:42 INFO  Practice_Framework:23 - user name provideed
  2023-08-25 01:10:42 INFO  Practice_Framework:25 - password provided
  2023-08-25 01:10:45 INFO  Practice_Framework:32 - provide user details
  2023-08-25 01:10:48 INFO  Practice_Framework:35 - username provided
  2023-08-25 01:10:56 INFO  Practice_Framework:55 - my validation is started
  2023-08-25 01:10:56 INFO  Practice_Framework:61 - test case passed....
  2023-08-25 01:35:36 INFO  Practice_Framework:23 - user name provideed
  2023-08-25 01:35:36 INFO  Practice_Framework:25 - password provided
  2023-08-25 01:35:40 INFO  Practice_Framework:32 - provide user details
  2023-08-25 01:35:43 INFO  Practice_Framework:35 - username provided
  2023-08-25 01:35:51 INFO  Practice_Framework:55 - my validation is started
  2023-08-25 01:35:51 INFO  Practice_Framework:61 - test case passed....
  2023-08-25 04:19:22 INFO  Practice_Framework:23 - user name provideed
  2023-08-25 04:19:22 INFO  Practice_Framework:25 - password provided
  2023-08-25 04:19:25 INFO  Practice_Framework:32 - provide user details
  2023-08-25 04:19:28 INFO  Practice_Framework:35 - username provided
  2023-08-25 04:19:36 INFO  Practice_Framework:55 - my validation is started
  2023-08-25 04:19:36 INFO  Practice_Framework:61 - test case passed....
  2023-08-25 04:40:03 INFO  Practice_Framework:23 - user name provideed
  2023-08-25 04:40:03 INFO  Practice_Framework:25 - password provided
  2023-08-25 04:40:07 INFO  Practice_Framework:32 - provide user details
  2023-08-25 04:40:10 INFO  Practice_Framework:35 - username provided
  2023-08-25 04:40:18 INFO  Practice_Framework:55 - my validation is started
  2023-08-25 04:40:18 INFO  Practice_Framework:61 - test case passed....
  2023-09-13 03:15:22 INFO  Practice_Framework:23 - user name provideed
  2023-09-13 03:15:22 INFO  Practice_Framework:25 - password provided
  